<?xml version="1.0" encoding="UTF-8"?>
<coverage generated="1719392498734" clover="3.2.0">
  <project timestamp="1719392498734" name="All files">
    <metrics statements="202" coveredstatements="189" conditionals="36" coveredconditionals="30" methods="16" coveredmethods="13" elements="254" coveredelements="232" complexity="0" loc="202" ncloc="202" packages="1" files="3" classes="3"/>
    <file name="TodoItem.tsx" path="P:\bar\tasks\mindbox\todo_minbox\src\components\TodoItem.tsx">
      <metrics statements="33" coveredstatements="33" conditionals="6" coveredconditionals="6" methods="3" coveredmethods="2"/>
      <line num="1" count="1" type="stmt"/>
      <line num="2" count="1" type="stmt"/>
      <line num="3" count="1" type="stmt"/>
      <line num="4" count="1" type="stmt"/>
      <line num="5" count="1" type="stmt"/>
      <line num="6" count="1" type="stmt"/>
      <line num="7" count="1" type="stmt"/>
      <line num="8" count="1" type="stmt"/>
      <line num="9" count="1" type="stmt"/>
      <line num="10" count="1" type="cond" truecount="1" falsecount="0"/>
      <line num="11" count="28" type="stmt"/>
      <line num="12" count="28" type="stmt"/>
      <line num="13" count="28" type="stmt"/>
      <line num="14" count="28" type="stmt"/>
      <line num="15" count="28" type="stmt"/>
      <line num="16" count="28" type="stmt"/>
      <line num="17" count="28" type="cond" truecount="1" falsecount="0"/>
      <line num="18" count="28" type="stmt"/>
      <line num="19" count="28" type="stmt"/>
      <line num="20" count="28" type="stmt"/>
      <line num="21" count="28" type="stmt"/>
      <line num="22" count="28" type="cond" truecount="2" falsecount="0"/>
      <line num="23" count="28" type="cond" truecount="2" falsecount="0"/>
      <line num="24" count="28" type="stmt"/>
      <line num="25" count="28" type="stmt"/>
      <line num="26" count="28" type="stmt"/>
      <line num="27" count="28" type="stmt"/>
      <line num="28" count="28" type="stmt"/>
      <line num="29" count="28" type="stmt"/>
      <line num="30" count="28" type="stmt"/>
      <line num="31" count="28" type="stmt"/>
      <line num="32" count="28" type="stmt"/>
      <line num="33" count="28" type="stmt"/>
    </file>
    <file name="TodoItems.tsx" path="P:\bar\tasks\mindbox\todo_minbox\src\components\TodoItems.tsx">
      <metrics statements="18" coveredstatements="18" conditionals="2" coveredconditionals="2" methods="1" coveredmethods="1"/>
      <line num="1" count="1" type="stmt"/>
      <line num="2" count="1" type="stmt"/>
      <line num="3" count="1" type="stmt"/>
      <line num="4" count="1" type="stmt"/>
      <line num="5" count="1" type="stmt"/>
      <line num="6" count="1" type="stmt"/>
      <line num="7" count="1" type="stmt"/>
      <line num="8" count="1" type="stmt"/>
      <line num="9" count="1" type="stmt"/>
      <line num="10" count="10" type="cond" truecount="1" falsecount="0"/>
      <line num="11" count="10" type="stmt"/>
      <line num="12" count="10" type="stmt"/>
      <line num="13" count="10" type="cond" truecount="1" falsecount="0"/>
      <line num="14" count="28" type="stmt"/>
      <line num="15" count="10" type="stmt"/>
      <line num="16" count="10" type="stmt"/>
      <line num="17" count="10" type="stmt"/>
      <line num="18" count="10" type="stmt"/>
    </file>
    <file name="Todos.tsx" path="P:\bar\tasks\mindbox\todo_minbox\src\components\Todos.tsx">
      <metrics statements="151" coveredstatements="138" conditionals="28" coveredconditionals="22" methods="12" coveredmethods="10"/>
      <line num="1" count="1" type="stmt"/>
      <line num="2" count="1" type="stmt"/>
      <line num="3" count="1" type="stmt"/>
      <line num="4" count="1" type="stmt"/>
      <line num="5" count="1" type="stmt"/>
      <line num="6" count="1" type="stmt"/>
      <line num="7" count="1" type="stmt"/>
      <line num="8" count="1" type="stmt"/>
      <line num="9" count="1" type="stmt"/>
      <line num="10" count="1" type="stmt"/>
      <line num="11" count="1" type="stmt"/>
      <line num="12" count="1" type="stmt"/>
      <line num="13" count="1" type="stmt"/>
      <line num="14" count="1" type="stmt"/>
      <line num="15" count="1" type="stmt"/>
      <line num="16" count="1" type="stmt"/>
      <line num="17" count="1" type="stmt"/>
      <line num="18" count="1" type="stmt"/>
      <line num="19" count="1" type="stmt"/>
      <line num="20" count="1" type="stmt"/>
      <line num="21" count="1" type="stmt"/>
      <line num="22" count="1" type="stmt"/>
      <line num="23" count="1" type="stmt"/>
      <line num="24" count="1" type="stmt"/>
      <line num="25" count="1" type="stmt"/>
      <line num="26" count="1" type="stmt"/>
      <line num="27" count="1" type="stmt"/>
      <line num="28" count="1" type="stmt"/>
      <line num="29" count="1" type="stmt"/>
      <line num="30" count="1" type="stmt"/>
      <line num="31" count="14" type="cond" truecount="1" falsecount="0"/>
      <line num="32" count="14" type="stmt"/>
      <line num="33" count="14" type="stmt"/>
      <line num="34" count="14" type="stmt"/>
      <line num="35" count="14" type="stmt"/>
      <line num="36" count="14" type="stmt"/>
      <line num="37" count="14" type="cond" truecount="1" falsecount="0"/>
      <line num="38" count="1" type="cond" truecount="0" falsecount="1"/>
      <line num="39" count="0" type="stmt"/>
      <line num="40" count="0" type="stmt"/>
      <line num="41" count="0" type="stmt"/>
      <line num="42" count="1" type="stmt"/>
      <line num="43" count="1" type="stmt"/>
      <line num="44" count="1" type="stmt"/>
      <line num="45" count="1" type="cond" truecount="0" falsecount="1"/>
      <line num="46" count="1" type="stmt"/>
      <line num="47" count="1" type="stmt"/>
      <line num="48" count="1" type="stmt"/>
      <line num="49" count="1" type="stmt"/>
      <line num="50" count="1" type="stmt"/>
      <line num="51" count="1" type="stmt"/>
      <line num="52" count="1" type="cond" truecount="0" falsecount="1"/>
      <line num="53" count="1" type="stmt"/>
      <line num="54" count="14" type="stmt"/>
      <line num="55" count="14" type="cond" truecount="1" falsecount="0"/>
      <line num="56" count="1" type="cond" truecount="1" falsecount="0"/>
      <line num="57" count="3" type="cond" truecount="1" falsecount="0"/>
      <line num="58" count="1" type="stmt"/>
      <line num="59" count="1" type="cond" truecount="1" falsecount="0"/>
      <line num="60" count="2" type="stmt"/>
      <line num="61" count="1" type="stmt"/>
      <line num="62" count="1" type="stmt"/>
      <line num="63" count="1" type="cond" truecount="0" falsecount="1"/>
      <line num="64" count="1" type="stmt"/>
      <line num="65" count="14" type="stmt"/>
      <line num="66" count="14" type="stmt"/>
      <line num="67" count="0" type="stmt"/>
      <line num="68" count="0" type="stmt"/>
      <line num="69" count="0" type="stmt"/>
      <line num="70" count="0" type="stmt"/>
      <line num="71" count="0" type="stmt"/>
      <line num="72" count="14" type="stmt"/>
      <line num="73" count="14" type="cond" truecount="1" falsecount="0"/>
      <line num="74" count="11" type="cond" truecount="1" falsecount="0"/>
      <line num="75" count="9" type="stmt"/>
      <line num="76" count="11" type="cond" truecount="1" falsecount="0"/>
      <line num="77" count="2" type="cond" truecount="1" falsecount="0"/>
      <line num="78" count="2" type="stmt"/>
      <line num="79" count="11" type="stmt"/>
      <line num="80" count="14" type="stmt"/>
      <line num="81" count="14" type="cond" truecount="1" falsecount="0"/>
      <line num="82" count="3" type="stmt"/>
      <line num="83" count="3" type="cond" truecount="2" falsecount="0"/>
      <line num="84" count="3" type="stmt"/>
      <line num="85" count="14" type="stmt"/>
      <line num="86" count="14" type="cond" truecount="1" falsecount="0"/>
      <line num="87" count="28" type="cond" truecount="3" falsecount="0"/>
      <line num="88" count="28" type="stmt"/>
      <line num="89" count="14" type="stmt"/>
      <line num="90" count="14" type="stmt"/>
      <line num="91" count="0" type="stmt"/>
      <line num="92" count="0" type="stmt"/>
      <line num="93" count="0" type="stmt"/>
      <line num="94" count="0" type="stmt"/>
      <line num="95" count="0" type="stmt"/>
      <line num="96" count="14" type="stmt"/>
      <line num="97" count="14" type="cond" truecount="1" falsecount="0"/>
      <line num="98" count="6" type="cond" truecount="0" falsecount="1"/>
      <line num="99" count="14" type="stmt"/>
      <line num="100" count="14" type="stmt"/>
      <line num="101" count="14" type="stmt"/>
      <line num="102" count="14" type="stmt"/>
      <line num="103" count="14" type="stmt"/>
      <line num="104" count="14" type="stmt"/>
      <line num="105" count="14" type="stmt"/>
      <line num="106" count="14" type="stmt"/>
      <line num="107" count="14" type="stmt"/>
      <line num="108" count="14" type="stmt"/>
      <line num="109" count="14" type="stmt"/>
      <line num="110" count="14" type="stmt"/>
      <line num="111" count="14" type="stmt"/>
      <line num="112" count="14" type="stmt"/>
      <line num="113" count="14" type="stmt"/>
      <line num="114" count="14" type="stmt"/>
      <line num="115" count="14" type="stmt"/>
      <line num="116" count="14" type="stmt"/>
      <line num="117" count="14" type="cond" truecount="1" falsecount="0"/>
      <line num="118" count="14" type="stmt"/>
      <line num="119" count="14" type="stmt"/>
      <line num="120" count="14" type="stmt"/>
      <line num="121" count="14" type="stmt"/>
      <line num="122" count="14" type="stmt"/>
      <line num="123" count="14" type="stmt"/>
      <line num="124" count="14" type="stmt"/>
      <line num="125" count="14" type="stmt"/>
      <line num="126" count="14" type="stmt"/>
      <line num="127" count="14" type="stmt"/>
      <line num="128" count="14" type="stmt"/>
      <line num="129" count="14" type="stmt"/>
      <line num="130" count="14" type="stmt"/>
      <line num="131" count="14" type="stmt"/>
      <line num="132" count="14" type="stmt"/>
      <line num="133" count="14" type="stmt"/>
      <line num="134" count="14" type="stmt"/>
      <line num="135" count="14" type="stmt"/>
      <line num="136" count="14" type="cond" truecount="0" falsecount="1"/>
      <line num="137" count="14" type="stmt"/>
      <line num="138" count="14" type="stmt"/>
      <line num="139" count="14" type="cond" truecount="1" falsecount="0"/>
      <line num="140" count="14" type="cond" truecount="1" falsecount="0"/>
      <line num="141" count="14" type="stmt"/>
      <line num="142" count="14" type="stmt"/>
      <line num="143" count="14" type="cond" truecount="1" falsecount="0"/>
      <line num="144" count="14" type="stmt"/>
      <line num="145" count="14" type="stmt"/>
      <line num="146" count="14" type="stmt"/>
      <line num="147" count="14" type="stmt"/>
      <line num="148" count="14" type="stmt"/>
      <line num="149" count="14" type="stmt"/>
      <line num="150" count="14" type="stmt"/>
      <line num="151" count="14" type="stmt"/>
    </file>
  </project>
</coverage>
