{"P:\\bar\\tasks\\mindbox\\todo_minbox\\src\\App.tsx": {"path":"P:\\bar\\tasks\\mindbox\\todo_minbox\\src\\App.tsx","all":true,"statementMap":{"0":{"start":{"line":1,"column":0},"end":{"line":1,"column":18}},"1":{"start":{"line":2,"column":0},"end":{"line":2,"column":38}},"2":{"start":{"line":3,"column":0},"end":{"line":3,"column":0}},"3":{"start":{"line":4,"column":0},"end":{"line":4,"column":16}},"4":{"start":{"line":5,"column":0},"end":{"line":5,"column":0}},"5":{"start":{"line":6,"column":0},"end":{"line":6,"column":10}},"6":{"start":{"line":7,"column":0},"end":{"line":7,"column":6}},"7":{"start":{"line":8,"column":0},"end":{"line":8,"column":92}},"8":{"start":{"line":9,"column":0},"end":{"line":9,"column":15}},"9":{"start":{"line":10,"column":0},"end":{"line":10,"column":7}},"10":{"start":{"line":11,"column":0},"end":{"line":11,"column":3}},"11":{"start":{"line":12,"column":0},"end":{"line":12,"column":1}},"12":{"start":{"line":13,"column":0},"end":{"line":13,"column":0}},"13":{"start":{"line":14,"column":0},"end":{"line":14,"column":18}}},"s":{"0":0,"1":0,"2":0,"3":0,"4":0,"5":0,"6":0,"7":0,"8":0,"9":0,"10":0,"11":0,"12":0,"13":0},"branchMap":{"0":{"type":"branch","line":1,"loc":{"start":{"line":1,"column":237},"end":{"line":14,"column":18}},"locations":[{"start":{"line":1,"column":237},"end":{"line":14,"column":18}}]}},"b":{"0":[0]},"fnMap":{"0":{"name":"(empty-report)","decl":{"start":{"line":1,"column":237},"end":{"line":14,"column":18}},"loc":{"start":{"line":1,"column":237},"end":{"line":14,"column":18}},"line":1}},"f":{"0":0}}
,"P:\\bar\\tasks\\mindbox\\todo_minbox\\src\\main.tsx": {"path":"P:\\bar\\tasks\\mindbox\\todo_minbox\\src\\main.tsx","all":true,"statementMap":{"0":{"start":{"line":1,"column":0},"end":{"line":1,"column":25}},"1":{"start":{"line":2,"column":0},"end":{"line":2,"column":39}},"2":{"start":{"line":3,"column":0},"end":{"line":3,"column":27}},"3":{"start":{"line":4,"column":0},"end":{"line":4,"column":20}},"4":{"start":{"line":5,"column":0},"end":{"line":5,"column":0}},"5":{"start":{"line":6,"column":0},"end":{"line":6,"column":61}},"6":{"start":{"line":7,"column":0},"end":{"line":7,"column":20}},"7":{"start":{"line":8,"column":0},"end":{"line":8,"column":11}},"8":{"start":{"line":9,"column":0},"end":{"line":9,"column":22}},"9":{"start":{"line":10,"column":0},"end":{"line":10,"column":1}}},"s":{"0":0,"1":0,"2":0,"3":0,"4":0,"5":0,"6":0,"7":0,"8":0,"9":0},"branchMap":{"0":{"type":"branch","line":1,"loc":{"start":{"line":1,"column":235},"end":{"line":10,"column":1}},"locations":[{"start":{"line":1,"column":235},"end":{"line":10,"column":1}}]}},"b":{"0":[0]},"fnMap":{"0":{"name":"(empty-report)","decl":{"start":{"line":1,"column":235},"end":{"line":10,"column":1}},"loc":{"start":{"line":1,"column":235},"end":{"line":10,"column":1}},"line":1}},"f":{"0":0}}
,"P:\\bar\\tasks\\mindbox\\todo_minbox\\src\\components\\TodoItem.tsx": {"path":"P:\\bar\\tasks\\mindbox\\todo_minbox\\src\\components\\TodoItem.tsx","all":false,"statementMap":{"0":{"start":{"line":1,"column":0},"end":{"line":1,"column":46}},"1":{"start":{"line":2,"column":0},"end":{"line":2,"column":37}},"2":{"start":{"line":3,"column":0},"end":{"line":3,"column":0}},"3":{"start":{"line":4,"column":0},"end":{"line":4,"column":29}},"4":{"start":{"line":5,"column":0},"end":{"line":5,"column":19}},"5":{"start":{"line":6,"column":0},"end":{"line":6,"column":30}},"6":{"start":{"line":7,"column":0},"end":{"line":7,"column":1}},"7":{"start":{"line":8,"column":0},"end":{"line":8,"column":0}},"8":{"start":{"line":9,"column":0},"end":{"line":9,"column":58}},"9":{"start":{"line":10,"column":0},"end":{"line":10,"column":10}},"10":{"start":{"line":11,"column":0},"end":{"line":11,"column":6}},"11":{"start":{"line":12,"column":0},"end":{"line":12,"column":61}},"12":{"start":{"line":13,"column":0},"end":{"line":13,"column":17}},"13":{"start":{"line":14,"column":0},"end":{"line":14,"column":34}},"14":{"start":{"line":15,"column":0},"end":{"line":15,"column":33}},"15":{"start":{"line":16,"column":0},"end":{"line":16,"column":41}},"16":{"start":{"line":17,"column":0},"end":{"line":17,"column":53}},"17":{"start":{"line":18,"column":0},"end":{"line":18,"column":20}},"18":{"start":{"line":19,"column":0},"end":{"line":19,"column":12}},"19":{"start":{"line":20,"column":0},"end":{"line":20,"column":18}},"20":{"start":{"line":21,"column":0},"end":{"line":21,"column":69}},"21":{"start":{"line":22,"column":0},"end":{"line":22,"column":46}},"22":{"start":{"line":23,"column":0},"end":{"line":23,"column":12}},"23":{"start":{"line":24,"column":0},"end":{"line":24,"column":23}},"24":{"start":{"line":25,"column":0},"end":{"line":25,"column":9}},"25":{"start":{"line":26,"column":0},"end":{"line":26,"column":21}},"26":{"start":{"line":27,"column":0},"end":{"line":27,"column":14}},"27":{"start":{"line":28,"column":0},"end":{"line":28,"column":12}},"28":{"start":{"line":29,"column":0},"end":{"line":29,"column":7}},"29":{"start":{"line":30,"column":0},"end":{"line":30,"column":4}},"30":{"start":{"line":31,"column":0},"end":{"line":31,"column":2}}},"s":{"0":1,"1":1,"2":1,"3":1,"4":1,"5":1,"6":1,"7":1,"8":1,"9":30,"10":30,"11":30,"12":30,"13":30,"14":30,"15":30,"16":30,"17":30,"18":30,"19":30,"20":30,"21":30,"22":30,"23":30,"24":30,"25":30,"26":30,"27":30,"28":30,"29":30,"30":30},"branchMap":{"0":{"type":"branch","line":9,"loc":{"start":{"line":9,"column":24},"end":{"line":31,"column":2}},"locations":[{"start":{"line":9,"column":24},"end":{"line":31,"column":2}}]},"1":{"type":"branch","line":21,"loc":{"start":{"line":21,"column":33},"end":{"line":21,"column":62}},"locations":[{"start":{"line":21,"column":33},"end":{"line":21,"column":62}}]},"2":{"type":"branch","line":21,"loc":{"start":{"line":21,"column":45},"end":{"line":21,"column":69}},"locations":[{"start":{"line":21,"column":45},"end":{"line":21,"column":69}}]},"3":{"type":"branch","line":22,"loc":{"start":{"line":22,"column":26},"end":{"line":22,"column":44}},"locations":[{"start":{"line":22,"column":26},"end":{"line":22,"column":44}}]},"4":{"type":"branch","line":22,"loc":{"start":{"line":22,"column":38},"end":{"line":22,"column":46}},"locations":[{"start":{"line":22,"column":38},"end":{"line":22,"column":46}}]},"5":{"type":"branch","line":16,"loc":{"start":{"line":16,"column":20},"end":{"line":16,"column":41}},"locations":[{"start":{"line":16,"column":20},"end":{"line":16,"column":41}}]}},"b":{"0":[30],"1":[8],"2":[22],"3":[8],"4":[22],"5":[2]},"fnMap":{"0":{"name":"TodoItem","decl":{"start":{"line":9,"column":24},"end":{"line":31,"column":2}},"loc":{"start":{"line":9,"column":24},"end":{"line":31,"column":2}},"line":9},"1":{"name":"onChange","decl":{"start":{"line":16,"column":20},"end":{"line":16,"column":41}},"loc":{"start":{"line":16,"column":20},"end":{"line":16,"column":41}},"line":16}},"f":{"0":30,"1":2}}
,"P:\\bar\\tasks\\mindbox\\todo_minbox\\src\\components\\TodoItems.tsx": {"path":"P:\\bar\\tasks\\mindbox\\todo_minbox\\src\\components\\TodoItems.tsx","all":false,"statementMap":{"0":{"start":{"line":1,"column":0},"end":{"line":1,"column":38}},"1":{"start":{"line":2,"column":0},"end":{"line":2,"column":42}},"2":{"start":{"line":3,"column":0},"end":{"line":3,"column":0}},"3":{"start":{"line":4,"column":0},"end":{"line":4,"column":30}},"4":{"start":{"line":5,"column":0},"end":{"line":5,"column":22}},"5":{"start":{"line":6,"column":0},"end":{"line":6,"column":30}},"6":{"start":{"line":7,"column":0},"end":{"line":7,"column":1}},"7":{"start":{"line":8,"column":0},"end":{"line":8,"column":0}},"8":{"start":{"line":9,"column":0},"end":{"line":9,"column":66}},"9":{"start":{"line":10,"column":0},"end":{"line":10,"column":10}},"10":{"start":{"line":11,"column":0},"end":{"line":11,"column":6}},"11":{"start":{"line":12,"column":0},"end":{"line":12,"column":28}},"12":{"start":{"line":13,"column":0},"end":{"line":13,"column":69}},"13":{"start":{"line":14,"column":0},"end":{"line":14,"column":9}},"14":{"start":{"line":15,"column":0},"end":{"line":15,"column":7}},"15":{"start":{"line":16,"column":0},"end":{"line":16,"column":4}},"16":{"start":{"line":17,"column":0},"end":{"line":17,"column":1}}},"s":{"0":1,"1":1,"2":1,"3":1,"4":1,"5":1,"6":1,"7":1,"8":10,"9":10,"10":10,"11":10,"12":28,"13":10,"14":10,"15":10,"16":10},"branchMap":{"0":{"type":"branch","line":9,"loc":{"start":{"line":9,"column":0},"end":{"line":17,"column":1}},"locations":[{"start":{"line":9,"column":0},"end":{"line":17,"column":1}}]},"1":{"type":"branch","line":12,"loc":{"start":{"line":12,"column":17},"end":{"line":13,"column":69}},"locations":[{"start":{"line":12,"column":17},"end":{"line":13,"column":69}}]}},"b":{"0":[10],"1":[28]},"fnMap":{"0":{"name":"TodoItems","decl":{"start":{"line":9,"column":0},"end":{"line":17,"column":1}},"loc":{"start":{"line":9,"column":0},"end":{"line":17,"column":1}},"line":9}},"f":{"0":10}}
,"P:\\bar\\tasks\\mindbox\\todo_minbox\\src\\components\\Todos.tsx": {"path":"P:\\bar\\tasks\\mindbox\\todo_minbox\\src\\components\\Todos.tsx","all":false,"statementMap":{"0":{"start":{"line":1,"column":0},"end":{"line":1,"column":44}},"1":{"start":{"line":2,"column":0},"end":{"line":2,"column":36}},"2":{"start":{"line":3,"column":0},"end":{"line":3,"column":48}},"3":{"start":{"line":4,"column":0},"end":{"line":4,"column":64}},"4":{"start":{"line":5,"column":0},"end":{"line":5,"column":49}},"5":{"start":{"line":6,"column":0},"end":{"line":6,"column":0}},"6":{"start":{"line":7,"column":0},"end":{"line":7,"column":29}},"7":{"start":{"line":8,"column":0},"end":{"line":8,"column":13}},"8":{"start":{"line":9,"column":0},"end":{"line":9,"column":15}},"9":{"start":{"line":10,"column":0},"end":{"line":10,"column":21}},"10":{"start":{"line":11,"column":0},"end":{"line":11,"column":1}},"11":{"start":{"line":12,"column":0},"end":{"line":12,"column":0}},"12":{"start":{"line":13,"column":0},"end":{"line":13,"column":23}},"13":{"start":{"line":14,"column":0},"end":{"line":14,"column":3}},"14":{"start":{"line":15,"column":0},"end":{"line":15,"column":10}},"15":{"start":{"line":16,"column":0},"end":{"line":16,"column":26}},"16":{"start":{"line":17,"column":0},"end":{"line":17,"column":20}},"17":{"start":{"line":18,"column":0},"end":{"line":18,"column":4}},"18":{"start":{"line":19,"column":0},"end":{"line":19,"column":3}},"19":{"start":{"line":20,"column":0},"end":{"line":20,"column":10}},"20":{"start":{"line":21,"column":0},"end":{"line":21,"column":27}},"21":{"start":{"line":22,"column":0},"end":{"line":22,"column":21}},"22":{"start":{"line":23,"column":0},"end":{"line":23,"column":4}},"23":{"start":{"line":24,"column":0},"end":{"line":24,"column":3}},"24":{"start":{"line":25,"column":0},"end":{"line":25,"column":10}},"25":{"start":{"line":26,"column":0},"end":{"line":26,"column":29}},"26":{"start":{"line":27,"column":0},"end":{"line":27,"column":21}},"27":{"start":{"line":28,"column":0},"end":{"line":28,"column":4}},"28":{"start":{"line":29,"column":0},"end":{"line":29,"column":2}},"29":{"start":{"line":30,"column":0},"end":{"line":30,"column":0}},"30":{"start":{"line":31,"column":0},"end":{"line":31,"column":33}},"31":{"start":{"line":32,"column":0},"end":{"line":32,"column":59}},"32":{"start":{"line":33,"column":0},"end":{"line":33,"column":66}},"33":{"start":{"line":34,"column":0},"end":{"line":34,"column":80}},"34":{"start":{"line":35,"column":0},"end":{"line":35,"column":53}},"35":{"start":{"line":36,"column":0},"end":{"line":36,"column":0}},"36":{"start":{"line":37,"column":0},"end":{"line":37,"column":22}},"37":{"start":{"line":38,"column":0},"end":{"line":38,"column":28}},"38":{"start":{"line":39,"column":0},"end":{"line":39,"column":37}},"39":{"start":{"line":40,"column":0},"end":{"line":40,"column":13}},"40":{"start":{"line":41,"column":0},"end":{"line":41,"column":5}},"41":{"start":{"line":42,"column":0},"end":{"line":42,"column":22}},"42":{"start":{"line":43,"column":0},"end":{"line":43,"column":15}},"43":{"start":{"line":44,"column":0},"end":{"line":44,"column":7}},"44":{"start":{"line":45,"column":0},"end":{"line":45,"column":49}},"45":{"start":{"line":46,"column":0},"end":{"line":46,"column":25}},"46":{"start":{"line":47,"column":0},"end":{"line":47,"column":25}},"47":{"start":{"line":48,"column":0},"end":{"line":48,"column":8}},"48":{"start":{"line":49,"column":0},"end":{"line":49,"column":6}},"49":{"start":{"line":50,"column":0},"end":{"line":50,"column":23}},"50":{"start":{"line":51,"column":0},"end":{"line":51,"column":39}},"51":{"start":{"line":52,"column":0},"end":{"line":52,"column":60}},"52":{"start":{"line":53,"column":0},"end":{"line":53,"column":3}},"53":{"start":{"line":54,"column":0},"end":{"line":54,"column":0}},"54":{"start":{"line":55,"column":0},"end":{"line":55,"column":33}},"55":{"start":{"line":56,"column":0},"end":{"line":56,"column":42}},"56":{"start":{"line":57,"column":0},"end":{"line":57,"column":27}},"57":{"start":{"line":58,"column":0},"end":{"line":58,"column":55}},"58":{"start":{"line":59,"column":0},"end":{"line":59,"column":7}},"59":{"start":{"line":60,"column":0},"end":{"line":60,"column":18}},"60":{"start":{"line":61,"column":0},"end":{"line":61,"column":7}},"61":{"start":{"line":62,"column":0},"end":{"line":62,"column":23}},"62":{"start":{"line":63,"column":0},"end":{"line":63,"column":23}},"63":{"start":{"line":64,"column":0},"end":{"line":64,"column":15}},"64":{"start":{"line":65,"column":0},"end":{"line":65,"column":52}},"65":{"start":{"line":66,"column":0},"end":{"line":66,"column":6}},"66":{"start":{"line":67,"column":0},"end":{"line":67,"column":4}},"67":{"start":{"line":68,"column":0},"end":{"line":68,"column":0}},"68":{"start":{"line":69,"column":0},"end":{"line":69,"column":79}},"69":{"start":{"line":70,"column":0},"end":{"line":70,"column":26}},"70":{"start":{"line":71,"column":0},"end":{"line":71,"column":32}},"71":{"start":{"line":72,"column":0},"end":{"line":72,"column":12}},"72":{"start":{"line":73,"column":0},"end":{"line":73,"column":76}},"73":{"start":{"line":74,"column":0},"end":{"line":74,"column":5}},"74":{"start":{"line":75,"column":0},"end":{"line":75,"column":3}},"75":{"start":{"line":76,"column":0},"end":{"line":76,"column":0}},"76":{"start":{"line":77,"column":0},"end":{"line":77,"column":66}},"77":{"start":{"line":78,"column":0},"end":{"line":78,"column":26}},"78":{"start":{"line":79,"column":0},"end":{"line":79,"column":51}},"79":{"start":{"line":80,"column":0},"end":{"line":80,"column":3}},"80":{"start":{"line":81,"column":0},"end":{"line":81,"column":0}},"81":{"start":{"line":82,"column":0},"end":{"line":82,"column":29}},"82":{"start":{"line":83,"column":0},"end":{"line":83,"column":76}},"83":{"start":{"line":84,"column":0},"end":{"line":84,"column":4}},"84":{"start":{"line":85,"column":0},"end":{"line":85,"column":0}},"85":{"start":{"line":86,"column":0},"end":{"line":86,"column":35}},"86":{"start":{"line":87,"column":0},"end":{"line":87,"column":61}},"87":{"start":{"line":88,"column":0},"end":{"line":88,"column":23}},"88":{"start":{"line":89,"column":0},"end":{"line":89,"column":60}},"89":{"start":{"line":90,"column":0},"end":{"line":90,"column":49}},"90":{"start":{"line":91,"column":0},"end":{"line":91,"column":3}},"91":{"start":{"line":92,"column":0},"end":{"line":92,"column":0}},"92":{"start":{"line":93,"column":0},"end":{"line":93,"column":19}},"93":{"start":{"line":94,"column":0},"end":{"line":94,"column":78}},"94":{"start":{"line":95,"column":0},"end":{"line":95,"column":14}},"95":{"start":{"line":96,"column":0},"end":{"line":96,"column":0}},"96":{"start":{"line":97,"column":0},"end":{"line":97,"column":10}},"97":{"start":{"line":98,"column":0},"end":{"line":98,"column":8}},"98":{"start":{"line":99,"column":0},"end":{"line":99,"column":14}},"99":{"start":{"line":100,"column":0},"end":{"line":100,"column":33}},"100":{"start":{"line":101,"column":0},"end":{"line":101,"column":25}},"101":{"start":{"line":102,"column":0},"end":{"line":102,"column":20}},"102":{"start":{"line":103,"column":0},"end":{"line":103,"column":32}},"103":{"start":{"line":104,"column":0},"end":{"line":104,"column":40}},"104":{"start":{"line":105,"column":0},"end":{"line":105,"column":8}},"105":{"start":{"line":106,"column":0},"end":{"line":106,"column":5}},"106":{"start":{"line":107,"column":0},"end":{"line":107,"column":59}},"107":{"start":{"line":108,"column":0},"end":{"line":108,"column":70}},"108":{"start":{"line":109,"column":0},"end":{"line":109,"column":18}},"109":{"start":{"line":110,"column":0},"end":{"line":110,"column":28}},"110":{"start":{"line":111,"column":0},"end":{"line":111,"column":39}},"111":{"start":{"line":112,"column":0},"end":{"line":112,"column":21}},"112":{"start":{"line":113,"column":0},"end":{"line":113,"column":65}},"113":{"start":{"line":114,"column":0},"end":{"line":114,"column":28}},"114":{"start":{"line":115,"column":0},"end":{"line":115,"column":35}},"115":{"start":{"line":116,"column":0},"end":{"line":116,"column":10}},"116":{"start":{"line":117,"column":0},"end":{"line":117,"column":51}},"117":{"start":{"line":118,"column":0},"end":{"line":118,"column":30}},"118":{"start":{"line":119,"column":0},"end":{"line":119,"column":17}},"119":{"start":{"line":120,"column":0},"end":{"line":120,"column":12}},"120":{"start":{"line":121,"column":0},"end":{"line":121,"column":10}},"121":{"start":{"line":122,"column":0},"end":{"line":122,"column":16}},"122":{"start":{"line":123,"column":0},"end":{"line":123,"column":26}},"123":{"start":{"line":124,"column":0},"end":{"line":124,"column":27}},"124":{"start":{"line":125,"column":0},"end":{"line":125,"column":18}},"125":{"start":{"line":126,"column":0},"end":{"line":126,"column":31}},"126":{"start":{"line":127,"column":0},"end":{"line":127,"column":21}},"127":{"start":{"line":128,"column":0},"end":{"line":128,"column":10}},"128":{"start":{"line":129,"column":0},"end":{"line":129,"column":7}},"129":{"start":{"line":130,"column":0},"end":{"line":130,"column":13}},"130":{"start":{"line":131,"column":0},"end":{"line":131,"column":24}},"131":{"start":{"line":132,"column":0},"end":{"line":132,"column":47}},"132":{"start":{"line":133,"column":0},"end":{"line":133,"column":43}},"133":{"start":{"line":134,"column":0},"end":{"line":134,"column":14}},"134":{"start":{"line":135,"column":0},"end":{"line":135,"column":80}},"135":{"start":{"line":136,"column":0},"end":{"line":136,"column":86}},"136":{"start":{"line":137,"column":0},"end":{"line":137,"column":87}},"137":{"start":{"line":138,"column":0},"end":{"line":138,"column":75}},"138":{"start":{"line":139,"column":0},"end":{"line":139,"column":12}},"139":{"start":{"line":140,"column":0},"end":{"line":140,"column":54}},"140":{"start":{"line":141,"column":0},"end":{"line":141,"column":10}},"141":{"start":{"line":142,"column":0},"end":{"line":142,"column":4}},"142":{"start":{"line":143,"column":0},"end":{"line":143,"column":1}}},"s":{"0":1,"1":1,"2":1,"3":1,"4":1,"5":1,"6":1,"7":1,"8":1,"9":1,"10":1,"11":1,"12":1,"13":1,"14":1,"15":1,"16":1,"17":1,"18":1,"19":1,"20":1,"21":1,"22":1,"23":1,"24":1,"25":1,"26":1,"27":1,"28":1,"29":1,"30":14,"31":14,"32":14,"33":14,"34":14,"35":14,"36":14,"37":1,"38":0,"39":0,"40":0,"41":1,"42":1,"43":1,"44":1,"45":1,"46":1,"47":1,"48":1,"49":1,"50":1,"51":1,"52":1,"53":14,"54":14,"55":1,"56":3,"57":1,"58":1,"59":2,"60":1,"61":1,"62":1,"63":1,"64":1,"65":1,"66":1,"67":14,"68":14,"69":11,"70":9,"71":11,"72":2,"73":2,"74":11,"75":14,"76":14,"77":3,"78":3,"79":3,"80":14,"81":14,"82":28,"83":28,"84":14,"85":14,"86":0,"87":0,"88":0,"89":0,"90":0,"91":14,"92":14,"93":6,"94":14,"95":14,"96":14,"97":14,"98":14,"99":14,"100":14,"101":14,"102":14,"103":14,"104":14,"105":14,"106":14,"107":14,"108":14,"109":14,"110":14,"111":14,"112":14,"113":14,"114":14,"115":14,"116":14,"117":14,"118":14,"119":14,"120":14,"121":14,"122":14,"123":14,"124":14,"125":14,"126":14,"127":14,"128":14,"129":14,"130":14,"131":14,"132":14,"133":14,"134":14,"135":14,"136":14,"137":14,"138":14,"139":14,"140":14,"141":14,"142":14},"branchMap":{"0":{"type":"branch","line":31,"loc":{"start":{"line":31,"column":0},"end":{"line":143,"column":1}},"locations":[{"start":{"line":31,"column":0},"end":{"line":143,"column":1}}]},"1":{"type":"branch","line":132,"loc":{"start":{"line":132,"column":30},"end":{"line":133,"column":39}},"locations":[{"start":{"line":132,"column":30},"end":{"line":133,"column":39}}]},"2":{"type":"branch","line":37,"loc":{"start":{"line":37,"column":2},"end":{"line":53,"column":3}},"locations":[{"start":{"line":37,"column":2},"end":{"line":53,"column":3}}]},"3":{"type":"branch","line":38,"loc":{"start":{"line":38,"column":27},"end":{"line":41,"column":5}},"locations":[{"start":{"line":38,"column":27},"end":{"line":41,"column":5}}]},"4":{"type":"branch","line":45,"loc":{"start":{"line":45,"column":42},"end":{"line":45,"column":49}},"locations":[{"start":{"line":45,"column":42},"end":{"line":45,"column":49}}]},"5":{"type":"branch","line":52,"loc":{"start":{"line":52,"column":46},"end":{"line":52,"column":58}},"locations":[{"start":{"line":52,"column":46},"end":{"line":52,"column":58}}]},"6":{"type":"branch","line":55,"loc":{"start":{"line":55,"column":16},"end":{"line":67,"column":4}},"locations":[{"start":{"line":55,"column":16},"end":{"line":67,"column":4}}]},"7":{"type":"branch","line":65,"loc":{"start":{"line":65,"column":19},"end":{"line":65,"column":52}},"locations":[{"start":{"line":65,"column":19},"end":{"line":65,"column":52}}]},"8":{"type":"branch","line":56,"loc":{"start":{"line":56,"column":31},"end":{"line":61,"column":5}},"locations":[{"start":{"line":56,"column":31},"end":{"line":61,"column":5}}]},"9":{"type":"branch","line":57,"loc":{"start":{"line":57,"column":26},"end":{"line":59,"column":7}},"locations":[{"start":{"line":57,"column":26},"end":{"line":59,"column":7}}]},"10":{"type":"branch","line":59,"loc":{"start":{"line":59,"column":6},"end":{"line":60,"column":18}},"locations":[{"start":{"line":59,"column":6},"end":{"line":60,"column":18}}]},"11":{"type":"branch","line":69,"loc":{"start":{"line":69,"column":2},"end":{"line":75,"column":3}},"locations":[{"start":{"line":69,"column":2},"end":{"line":75,"column":3}}]},"12":{"type":"branch","line":70,"loc":{"start":{"line":70,"column":25},"end":{"line":72,"column":11}},"locations":[{"start":{"line":70,"column":25},"end":{"line":72,"column":11}}]},"13":{"type":"branch","line":72,"loc":{"start":{"line":72,"column":4},"end":{"line":74,"column":5}},"locations":[{"start":{"line":72,"column":4},"end":{"line":74,"column":5}}]},"14":{"type":"branch","line":73,"loc":{"start":{"line":73,"column":38},"end":{"line":73,"column":73}},"locations":[{"start":{"line":73,"column":38},"end":{"line":73,"column":73}}]},"15":{"type":"branch","line":77,"loc":{"start":{"line":77,"column":2},"end":{"line":80,"column":3}},"locations":[{"start":{"line":77,"column":2},"end":{"line":80,"column":3}}]},"16":{"type":"branch","line":79,"loc":{"start":{"line":79,"column":30},"end":{"line":79,"column":46}},"locations":[{"start":{"line":79,"column":30},"end":{"line":79,"column":46}}]},"17":{"type":"branch","line":79,"loc":{"start":{"line":79,"column":39},"end":{"line":79,"column":49}},"locations":[{"start":{"line":79,"column":39},"end":{"line":79,"column":49}}]},"18":{"type":"branch","line":82,"loc":{"start":{"line":82,"column":22},"end":{"line":84,"column":4}},"locations":[{"start":{"line":82,"column":22},"end":{"line":84,"column":4}}]},"19":{"type":"branch","line":83,"loc":{"start":{"line":83,"column":24},"end":{"line":83,"column":73}},"locations":[{"start":{"line":83,"column":24},"end":{"line":83,"column":73}}]},"20":{"type":"branch","line":83,"loc":{"start":{"line":83,"column":45},"end":{"line":83,"column":63}},"locations":[{"start":{"line":83,"column":45},"end":{"line":83,"column":63}}]},"21":{"type":"branch","line":83,"loc":{"start":{"line":83,"column":57},"end":{"line":83,"column":73}},"locations":[{"start":{"line":83,"column":57},"end":{"line":83,"column":73}}]},"22":{"type":"branch","line":93,"loc":{"start":{"line":93,"column":12},"end":{"line":95,"column":5}},"locations":[{"start":{"line":93,"column":12},"end":{"line":95,"column":5}}]},"23":{"type":"branch","line":94,"loc":{"start":{"line":94,"column":43},"end":{"line":94,"column":76}},"locations":[{"start":{"line":94,"column":43},"end":{"line":94,"column":76}}]},"24":{"type":"branch","line":113,"loc":{"start":{"line":113,"column":20},"end":{"line":113,"column":65}},"locations":[{"start":{"line":113,"column":20},"end":{"line":113,"column":65}}]},"25":{"type":"branch","line":135,"loc":{"start":{"line":135,"column":25},"end":{"line":135,"column":68}},"locations":[{"start":{"line":135,"column":25},"end":{"line":135,"column":68}}]},"26":{"type":"branch","line":136,"loc":{"start":{"line":136,"column":25},"end":{"line":136,"column":69}},"locations":[{"start":{"line":136,"column":25},"end":{"line":136,"column":69}}]},"27":{"type":"branch","line":137,"loc":{"start":{"line":137,"column":25},"end":{"line":137,"column":68}},"locations":[{"start":{"line":137,"column":25},"end":{"line":137,"column":68}}]}},"b":{"0":[14],"1":[0],"2":[1],"3":[0],"4":[0],"5":[0],"6":[1],"7":[0],"8":[3],"9":[1],"10":[2],"11":[11],"12":[9],"13":[2],"14":[6],"15":[3],"16":[1],"17":[2],"18":[28],"19":[88],"20":[24],"21":[64],"22":[6],"23":[0],"24":[1],"25":[1],"26":[1],"27":[1]},"fnMap":{"0":{"name":"Todos","decl":{"start":{"line":31,"column":0},"end":{"line":143,"column":1}},"loc":{"start":{"line":31,"column":0},"end":{"line":143,"column":1}},"line":31},"1":{"name":"addItem","decl":{"start":{"line":37,"column":2},"end":{"line":53,"column":3}},"loc":{"start":{"line":37,"column":2},"end":{"line":53,"column":3}},"line":37},"2":{"name":"check","decl":{"start":{"line":55,"column":16},"end":{"line":67,"column":4}},"loc":{"start":{"line":55,"column":16},"end":{"line":67,"column":4}},"line":55},"3":{"name":"updateCurrentItems","decl":{"start":{"line":69,"column":2},"end":{"line":75,"column":3}},"loc":{"start":{"line":69,"column":2},"end":{"line":75,"column":3}},"line":69},"4":{"name":"isFilterCompletedTasks","decl":{"start":{"line":77,"column":2},"end":{"line":80,"column":3}},"loc":{"start":{"line":77,"column":2},"end":{"line":80,"column":3}},"line":77},"5":{"name":"outstanding","decl":{"start":{"line":82,"column":22},"end":{"line":84,"column":4}},"loc":{"start":{"line":82,"column":22},"end":{"line":84,"column":4}},"line":82},"6":{"name":"deleteCompletedTasks","decl":{"start":{"line":86,"column":2},"end":{"line":91,"column":3}},"loc":{"start":{"line":86,"column":2},"end":{"line":91,"column":3}},"line":86},"7":{"name":"onChange","decl":{"start":{"line":113,"column":20},"end":{"line":113,"column":65}},"loc":{"start":{"line":113,"column":20},"end":{"line":113,"column":65}},"line":113},"8":{"name":"onClick","decl":{"start":{"line":135,"column":25},"end":{"line":135,"column":68}},"loc":{"start":{"line":135,"column":25},"end":{"line":135,"column":68}},"line":135},"9":{"name":"onClick","decl":{"start":{"line":136,"column":25},"end":{"line":136,"column":69}},"loc":{"start":{"line":136,"column":25},"end":{"line":136,"column":69}},"line":136},"10":{"name":"onClick","decl":{"start":{"line":137,"column":25},"end":{"line":137,"column":68}},"loc":{"start":{"line":137,"column":25},"end":{"line":137,"column":68}},"line":137}},"f":{"0":14,"1":1,"2":1,"3":11,"4":3,"5":28,"6":0,"7":1,"8":1,"9":1,"10":1}}
,"P:\\bar\\tasks\\mindbox\\todo_minbox\\src\\utils\\test-utils.tsx": {"path":"P:\\bar\\tasks\\mindbox\\todo_minbox\\src\\utils\\test-utils.tsx","all":true,"statementMap":{"0":{"start":{"line":1,"column":0},"end":{"line":1,"column":57}},"1":{"start":{"line":2,"column":0},"end":{"line":2,"column":35}},"2":{"start":{"line":3,"column":0},"end":{"line":3,"column":0}},"3":{"start":{"line":4,"column":0},"end":{"line":4,"column":17}},"4":{"start":{"line":5,"column":0},"end":{"line":5,"column":12}},"5":{"start":{"line":6,"column":0},"end":{"line":6,"column":3}},"6":{"start":{"line":7,"column":0},"end":{"line":7,"column":0}},"7":{"start":{"line":8,"column":0},"end":{"line":8,"column":61}},"8":{"start":{"line":9,"column":0},"end":{"line":9,"column":21}},"9":{"start":{"line":10,"column":0},"end":{"line":10,"column":38}},"10":{"start":{"line":11,"column":0},"end":{"line":11,"column":40}},"11":{"start":{"line":12,"column":0},"end":{"line":12,"column":15}},"12":{"start":{"line":13,"column":0},"end":{"line":13,"column":5}},"13":{"start":{"line":14,"column":0},"end":{"line":14,"column":1}},"14":{"start":{"line":15,"column":0},"end":{"line":15,"column":0}},"15":{"start":{"line":16,"column":0},"end":{"line":16,"column":39}},"16":{"start":{"line":17,"column":0},"end":{"line":17,"column":67}},"17":{"start":{"line":18,"column":0},"end":{"line":18,"column":25}},"18":{"start":{"line":19,"column":0},"end":{"line":19,"column":34}}},"s":{"0":0,"1":0,"2":0,"3":0,"4":0,"5":0,"6":0,"7":0,"8":0,"9":0,"10":0,"11":0,"12":0,"13":0,"14":0,"15":0,"16":0,"17":0,"18":0},"branchMap":{"0":{"type":"branch","line":1,"loc":{"start":{"line":1,"column":506},"end":{"line":19,"column":34}},"locations":[{"start":{"line":1,"column":506},"end":{"line":19,"column":34}}]}},"b":{"0":[0]},"fnMap":{"0":{"name":"(empty-report)","decl":{"start":{"line":1,"column":506},"end":{"line":19,"column":34}},"loc":{"start":{"line":1,"column":506},"end":{"line":19,"column":34}},"line":1}},"f":{"0":0}}
}
